D:\GITHUB\MINIDEMO\MINIDEMO\CPPCLI\DEBUG\.NETFRAMEWORK,VERSION=V4.0.ASSEMBLYATTRIBUTES.OBJ
D:\GITHUB\MINIDEMO\MINIDEMO\CPPCLI\DEBUG\APP.RES
D:\GITHUB\MINIDEMO\MINIDEMO\CPPCLI\DEBUG\ASSEMBLYINFO.OBJ
D:\GitHub\MiniDemo\MiniDemo\CppCLI\Debug\cl.command.1.tlog
D:\GitHub\MiniDemo\MiniDemo\CppCLI\Debug\CL.read.1.tlog
D:\GitHub\MiniDemo\MiniDemo\CppCLI\Debug\CL.write.1.tlog
D:\GITHUB\MINIDEMO\MINIDEMO\CPPCLI\DEBUG\CPPCLI.DLL.INTERMEDIATE.MANIFEST
D:\GITHUB\MINIDEMO\MINIDEMO\CPPCLI\DEBUG\CPPCLI.OBJ
D:\GITHUB\MINIDEMO\MINIDEMO\CPPCLI\DEBUG\CPPCLI.PCH
D:\GitHub\MiniDemo\MiniDemo\CppCLI\Debug\CppCLI.write.1.tlog
D:\GitHub\MiniDemo\MiniDemo\CppCLI\Debug\link.35656.read.1.tlog
D:\GitHub\MiniDemo\MiniDemo\CppCLI\Debug\link.35656.write.1.tlog
D:\GitHub\MiniDemo\MiniDemo\CppCLI\Debug\link.35656-cvtres.read.1.tlog
D:\GitHub\MiniDemo\MiniDemo\CppCLI\Debug\link.35656-cvtres.write.1.tlog
D:\GitHub\MiniDemo\MiniDemo\CppCLI\Debug\link.command.1.tlog
D:\GitHub\MiniDemo\MiniDemo\CppCLI\Debug\link.read.1.tlog
D:\GitHub\MiniDemo\MiniDemo\CppCLI\Debug\link.write.1.tlog
D:\GitHub\MiniDemo\MiniDemo\CppCLI\Debug\mt.command.1.tlog
D:\GitHub\MiniDemo\MiniDemo\CppCLI\Debug\mt.read.1.tlog
D:\GitHub\MiniDemo\MiniDemo\CppCLI\Debug\mt.write.1.tlog
D:\GitHub\MiniDemo\MiniDemo\CppCLI\Debug\rc.command.1.tlog
D:\GitHub\MiniDemo\MiniDemo\CppCLI\Debug\rc.read.1.tlog
D:\GitHub\MiniDemo\MiniDemo\CppCLI\Debug\rc.write.1.tlog
D:\GITHUB\MINIDEMO\MINIDEMO\CPPCLI\DEBUG\STDAFX.OBJ
D:\GITHUB\MINIDEMO\MINIDEMO\CPPCLI\DEBUG\VC100.PDB
D:\GITHUB\MINIDEMO\MINIDEMO\DEBUG\CPPCLI.DLL
D:\GITHUB\MINIDEMO\MINIDEMO\DEBUG\CPPCLI.ILK
D:\GITHUB\MINIDEMO\MINIDEMO\DEBUG\CPPCLI.PDB
